Performing C++ SOURCE FILE Test CMAKE_HAVE_LIBC_PTHREAD failed with the following output:
Change Dir: /home/robotic/NMPC/casadi_cpp/build/CMakeFiles/CMakeTmp

Run Build Command(s):/usr/bin/make cmTC_ba34f/fast && /usr/bin/make -f CMakeFiles/cmTC_ba34f.dir/build.make CMakeFiles/cmTC_ba34f.dir/build
make[1]: Entering directory '/home/robotic/NMPC/casadi_cpp/build/CMakeFiles/CMakeTmp'
Building CXX object CMakeFiles/cmTC_ba34f.dir/src.cxx.o
/usr/bin/c++    -DCMAKE_HAVE_LIBC_PTHREAD   -o CMakeFiles/cmTC_ba34f.dir/src.cxx.o -c /home/robotic/NMPC/casadi_cpp/build/CMakeFiles/CMakeTmp/src.cxx
Linking CXX executable cmTC_ba34f
/usr/bin/cmake -E cmake_link_script CMakeFiles/cmTC_ba34f.dir/link.txt --verbose=1
/usr/bin/c++   -DCMAKE_HAVE_LIBC_PTHREAD   -Wl,-rpath -Wl,/home/robotic/NMPC/casadi_cpp/build  CMakeFiles/cmTC_ba34f.dir/src.cxx.o  -o cmTC_ba34f 
/usr/bin/ld: CMakeFiles/cmTC_ba34f.dir/src.cxx.o: in function `main':
src.cxx:(.text+0x46): undefined reference to `pthread_create'
/usr/bin/ld: src.cxx:(.text+0x52): undefined reference to `pthread_detach'
/usr/bin/ld: src.cxx:(.text+0x63): undefined reference to `pthread_join'
collect2: error: ld returned 1 exit status
make[1]: *** [CMakeFiles/cmTC_ba34f.dir/build.make:87: cmTC_ba34f] Error 1
make[1]: Leaving directory '/home/robotic/NMPC/casadi_cpp/build/CMakeFiles/CMakeTmp'
make: *** [Makefile:121: cmTC_ba34f/fast] Error 2


Source file was:
#include <pthread.h>

void* test_func(void* data)
{
  return data;
}

int main(void)
{
  pthread_t thread;
  pthread_create(&thread, NULL, test_func, NULL);
  pthread_detach(thread);
  pthread_join(thread, NULL);
  pthread_atfork(NULL, NULL, NULL);
  pthread_exit(NULL);

  return 0;
}

Determining if the function pthread_create exists in the pthreads failed with the following output:
Change Dir: /home/robotic/NMPC/casadi_cpp/build/CMakeFiles/CMakeTmp

Run Build Command(s):/usr/bin/make cmTC_26bf6/fast && /usr/bin/make -f CMakeFiles/cmTC_26bf6.dir/build.make CMakeFiles/cmTC_26bf6.dir/build
make[1]: Entering directory '/home/robotic/NMPC/casadi_cpp/build/CMakeFiles/CMakeTmp'
Building CXX object CMakeFiles/cmTC_26bf6.dir/CheckFunctionExists.cxx.o
/usr/bin/c++    -DCHECK_FUNCTION_EXISTS=pthread_create   -o CMakeFiles/cmTC_26bf6.dir/CheckFunctionExists.cxx.o -c /home/robotic/NMPC/casadi_cpp/build/CMakeFiles/CheckLibraryExists/CheckFunctionExists.cxx
Linking CXX executable cmTC_26bf6
/usr/bin/cmake -E cmake_link_script CMakeFiles/cmTC_26bf6.dir/link.txt --verbose=1
/usr/bin/c++   -DCHECK_FUNCTION_EXISTS=pthread_create   -Wl,-rpath -Wl,/home/robotic/NMPC/casadi_cpp/build  CMakeFiles/cmTC_26bf6.dir/CheckFunctionExists.cxx.o  -o cmTC_26bf6  -lpthreads 
/usr/bin/ld: cannot find -lpthreads
collect2: error: ld returned 1 exit status
make[1]: *** [CMakeFiles/cmTC_26bf6.dir/build.make:87: cmTC_26bf6] Error 1
make[1]: Leaving directory '/home/robotic/NMPC/casadi_cpp/build/CMakeFiles/CMakeTmp'
make: *** [Makefile:121: cmTC_26bf6/fast] Error 2



